2020-08-13 17:26:30 test:INFO ==> LOG: request -- Request.php:69##init {"api":"admin/login/login","app":"http://www.bejson.com","ver":88,"data":{"name":"admin","password":"123456"}} 
2020-08-13 17:26:31 test:INFO ==> LOG: response -- Events.php:101##onMessage {"app":"http://www.bejson.com","api":"admin/login/login","ver":88,"data":{"token":1},"code":0,"msg":"success"} 
2020-08-13 17:27:13 test:INFO ==> LOG: request -- Request.php:69##init {"api":"admin/admin/add","app":"http://www.bejson.com","ver":88,"data":{"name":"admin","password":""}} 
2020-08-13 17:27:13 test:INFO ==> LOG: response -- Events.php:101##onMessage {"app":"http://www.bejson.com","api":"admin/admin/add","ver":88,"data":"","code":0,"msg":"Class 'lib\\Loader' not found"} 
2020-08-13 17:31:43 test:INFO ==> LOG: request -- Request.php:69##init {"api":"admin/admin/add","app":"http://www.bejson.com","ver":88,"data":{"name":"admin","password":""}} 
2020-08-13 17:31:43 test:INFO ==> LOG: response -- Events.php:101##onMessage {"app":"http://www.bejson.com","api":"admin/admin/add","ver":88,"data":1,"code":0,"msg":"success"} 
2020-08-13 17:32:54 test:INFO ==> LOG: request -- Request.php:69##init {"api":"admin/admin/add","app":"http://www.bejson.com","ver":88,"data":{"name":"admin1"}} 
2020-08-13 17:32:54 test:INFO ==> LOG: response -- Events.php:101##onMessage {"app":"http://www.bejson.com","api":"admin/admin/add","ver":88,"data":1,"code":0,"msg":"success"} 
2020-08-13 17:35:26 test:INFO ==> LOG: request -- Request.php:69##init {"api":"admin/admin/add","app":"http://www.bejson.com","ver":88,"data":{"name":"admin","password":""}} 
2020-08-13 17:35:26 test:INFO ==> LOG: response -- Events.php:101##onMessage {"app":"http://www.bejson.com","api":"admin/admin/add","ver":88,"data":1,"code":0,"msg":"success"} 
2020-08-13 17:39:11 test:INFO ==> LOG: request -- Request.php:69##init {"api":"admin/admin/add","app":"http://www.bejson.com","ver":88,"data":{"name":"admin","password":""}} 
2020-08-13 17:39:11 test:INFO ==> LOG: response -- Events.php:101##onMessage {"app":"http://www.bejson.com","api":"admin/admin/add","ver":88,"data":"","code":0,"msg":"Class 'lib\\Container' not found"} 
2020-08-13 17:41:44 test:INFO ==> LOG: request -- Request.php:69##init {"api":"admin/admin/add","app":"http://www.bejson.com","ver":88,"data":{"name":"admin","password":""}} 
2020-08-13 17:41:44 test:INFO ==> LOG: response -- Events.php:102##onMessage {"app":"http://www.bejson.com","api":"admin/admin/add","ver":88,"data":"","code":0,"msg":"Class 'lib\\Container' not found"} 
2020-08-13 17:48:09 test:INFO ==> LOG: request -- Request.php:69##init {"api":"admin/admin/add","app":"http://www.bejson.com","ver":88,"data":{"name":"admin","password":""}} 
2020-08-13 17:48:09 test:INFO ==> LOG: response -- Events.php:102##onMessage {"app":"http://www.bejson.com","api":"admin/admin/add","ver":88,"data":"","code":0,"msg":"Class 'lib\\Container' not found"} 
2020-08-13 17:48:27 test:INFO ==> LOG: request -- Request.php:69##init {"api":"admin/admin/add","app":"http://www.bejson.com","ver":88,"data":{"name":"admin","password":""}} 
2020-08-13 17:48:27 test:INFO ==> LOG: response -- Events.php:102##onMessage {"app":"http://www.bejson.com","api":"admin/admin/add","ver":88,"data":"","code":0,"msg":"Class 'lib\\Container' not found"} 
2020-08-13 17:58:51 test:INFO ==> LOG: request -- Request.php:69##init {"api":"admin/admin/add","app":"http://www.bejson.com","ver":88,"data":{"name":"admin","password":""}} 
2020-08-13 17:58:51 test:INFO ==> LOG: response -- Events.php:102##onMessage {"app":"http://www.bejson.com","api":"admin/admin/add","ver":88,"data":1,"code":0,"msg":"success"} 
