2020-08-12 09:47:03 test:INFO ==> LOG: response -- Events.php:94##onMessage  
2020-08-12 09:49:17 test:INFO ==> LOG: response -- Events.php:97##onMessage  
2020-08-12 09:49:30 test:INFO ==> LOG: response -- Events.php:97##onMessage  
2020-08-12 09:53:14 test:INFO ==> LOG: response -- Events.php:94##onMessage  
2020-08-12 09:59:06 test:INFO ==> LOG: response -- Events.php:96##onMessage {"data":"","code":1,"msg":"api  is not exists"} 
2020-08-12 10:00:28 test:INFO ==> LOG: request -- Request.php:69##init {"api":"index/user/getinfo","app":"http://www.bejson.com","ver":88,"data":{"id":1,"city":"江苏苏州","country":"中国"}} 
2020-08-12 10:00:29 test:INFO ==> LOG: response -- Events.php:96##onMessage {"app":"http://www.bejson.com","api":"index/user/getinfo","ver":88,"data":{"Applications\\index\\model\\User":{"Id":1,"name":"hahahha"}},"code":0,"msg":"success"} 
2020-08-12 10:32:17 test:INFO ==> LOG: response -- Events.php:96##onMessage {"data":"","code":1,"msg":"api  is not exists"} 
2020-08-12 10:32:22 test:INFO ==> LOG: response -- Events.php:96##onMessage {"data":"","code":1,"msg":"api  is not exists"} 
2020-08-12 14:49:52 test:INFO ==> LOG: request -- Request.php:69##init {"api":"index/user/getinfo","app":"http://www.bejson.com","ver":88,"data":{"id":1,"city":"江苏苏州","country":"中国"}} 
2020-08-12 14:49:52 test:INFO ==> LOG: response -- Events.php:97##onMessage {"data":"","code":1,"msg":"Class 'Applications\\index\\model\\Admin' not found"} 
2020-08-12 14:52:44 test:INFO ==> LOG: request -- Request.php:69##init {"api":"admin/admin/getinfo","app":"http://www.bejson.com","ver":88,"data":{"id":1,"city":"江苏苏州","country":"中国"}} 
2020-08-12 14:52:44 test:INFO ==> LOG: response -- Events.php:97##onMessage {"data":"","code":1,"msg":"Too few arguments to function Applications\\admin\\controller\\Admin::__construct(), 0 passed in D:\\phpstudy_pro\\WWW\\GatewayWorker\\lib\\Route.php on line 19 and exactly 1 expected"} 
2020-08-12 14:56:31 test:INFO ==> LOG: request -- Request.php:69##init {"api":"admin/admin/getinfo","app":"http://www.bejson.com","ver":88,"data":{"id":1,"city":"江苏苏州","country":"中国"}} 
2020-08-12 14:56:31 test:INFO ==> LOG: response -- Events.php:97##onMessage {"data":"","code":1,"msg":"Class 'Applications\\index\\model\\Admin' not found"} 
2020-08-12 14:57:53 test:INFO ==> LOG: request -- Request.php:69##init {"api":"admin/admin/getinfo","app":"http://www.bejson.com","ver":88,"data":{"id":1,"city":"江苏苏州","country":"中国"}} 
2020-08-12 14:57:53 test:INFO ==> LOG: response -- Events.php:97##onMessage {"data":"","code":1,"msg":"Class 'Applications\\index\\model\\Admin' not found"} 
2020-08-12 14:58:25 test:INFO ==> LOG: request -- Request.php:69##init {"api":"admin/admin/getinfo","app":"http://www.bejson.com","ver":88,"data":{"id":1,"city":"江苏苏州","country":"中国"}} 
2020-08-12 14:58:25 test:INFO ==> LOG: response -- Events.php:97##onMessage {"app":"http://www.bejson.com","api":"admin/admin/getinfo","ver":88,"data":{"Applications\\admin\\model\\Admin":{"id":1,"role_id":1,"name":"admin","password":"123456","gender":0,"last_login_time":0,"create_time":null,"status":0}},"code":0,"msg":"success"} 
2020-08-12 15:00:39 test:INFO ==> LOG: request -- Request.php:69##init {"api":"admin/admin/getinfo","app":"http://www.bejson.com","ver":88,"data":{"id":1,"city":"江苏苏州","country":"中国"}} 
2020-08-12 15:00:39 test:INFO ==> LOG: response -- Events.php:98##onMessage {"data":"","code":1,"msg":"Using $this when not in object context"} 
2020-08-12 15:04:25 test:INFO ==> LOG: request -- Request.php:69##init {"api":"admin/admin/getinfo","app":"http://www.bejson.com","ver":88,"data":{"id":1,"city":"江苏苏州","country":"中国"}} 
2020-08-12 15:04:25 test:INFO ==> LOG: response -- Events.php:98##onMessage {"data":"","code":1,"msg":"Class 'Applications\\admin\\model\\Db' not found"} 
2020-08-12 15:05:47 test:INFO ==> LOG: request -- Request.php:69##init {"api":"admin/admin/getinfo","app":"http://www.bejson.com","ver":88,"data":{"id":1,"city":"江苏苏州","country":"中国"}} 
2020-08-12 15:05:47 test:INFO ==> LOG: response -- Events.php:98##onMessage  
2020-08-12 15:10:49 test:INFO ==> LOG: request -- Request.php:69##init {"api":"admin/admin/getinfo","app":"http://www.bejson.com","ver":88,"data":{"id":1,"city":"江苏苏州","country":"中国"}} 
2020-08-12 15:10:49 test:INFO ==> LOG: response -- Events.php:98##onMessage {"app":"http://www.bejson.com","api":"admin/admin/getinfo","ver":88,"data":{"Applications\\admin\\model\\Admin":{"id":1,"role_id":1,"name":"admin","password":"123456","gender":0,"last_login_time":0,"create_time":null,"status":0}},"code":0,"msg":"success"} 
2020-08-12 15:16:07 test:INFO ==> LOG: request -- Request.php:69##init {"api":"admin/article/getinfo","app":"http://www.bejson.com","ver":88,"data":{"id":1,"city":"江苏苏州","country":"中国"}} 
2020-08-12 15:16:07 test:INFO ==> LOG: response -- Events.php:98##onMessage {"data":"","code":1,"msg":"Class '\\Applications\\admin\\controller\\Article' not found"} 
2020-08-12 15:19:50 test:INFO ==> LOG: response -- Events.php:98##onMessage {"data":"","code":1,"msg":"api  is not exists"} 
2020-08-12 15:20:22 test:INFO ==> LOG: request -- Request.php:69##init {"api":"admin/article/getinfo","app":"http://www.bejson.com","ver":88,"data":{"id":1,"city":"江苏苏州","country":"中国"}} 
2020-08-12 15:20:22 test:INFO ==> LOG: response -- Events.php:98##onMessage {"data":"","code":1,"msg":"Class '\\Applications\\admin\\controller\\Article' not found"} 
2020-08-12 15:21:33 test:INFO ==> LOG: request -- Request.php:69##init {"api":"admin/admin/getinfo","app":"http://www.bejson.com","ver":88,"data":{"id":1,"city":"江苏苏州","country":"中国"}} 
2020-08-12 15:21:33 test:INFO ==> LOG: response -- Events.php:98##onMessage {"app":"http://www.bejson.com","api":"admin/admin/getinfo","ver":88,"data":{"Applications\\admin\\model\\Admin":{"id":1,"role_id":1,"name":"admin","password":"123456","gender":0,"last_login_time":0,"create_time":null,"status":0}},"code":0,"msg":"success"} 
2020-08-12 15:21:43 test:INFO ==> LOG: request -- Request.php:69##init {"api":"admin/article/getinfo","app":"http://www.bejson.com","ver":88,"data":{"id":1,"city":"江苏苏州","country":"中国"}} 
2020-08-12 15:21:43 test:INFO ==> LOG: response -- Events.php:98##onMessage {"data":"","code":1,"msg":"Class '\\Applications\\admin\\controller\\Article' not found"} 
2020-08-12 15:25:05 test:INFO ==> LOG: request -- Request.php:69##init {"api":"admin/admin/index","app":"http://www.bejson.com","ver":88,"data":{"id":1,"city":"江苏苏州","country":"中国"}} 
2020-08-12 15:25:05 test:INFO ==> LOG: response -- Events.php:98##onMessage  
2020-08-12 15:26:42 test:INFO ==> LOG: request -- Request.php:69##init {"api":"admin/admin/index","app":"http://www.bejson.com","ver":88,"data":{"id":1,"city":"江苏苏州","country":"中国"}} 
2020-08-12 15:26:42 test:INFO ==> LOG: response -- Events.php:98##onMessage {"app":"http://www.bejson.com","api":"admin/admin/index","ver":88,"data":1,"code":0,"msg":"success"} 
2020-08-12 15:27:21 test:INFO ==> LOG: request -- Request.php:69##init {"api":"admin/admin/getinfo","app":"http://www.bejson.com","ver":88,"data":{"id":1,"city":"江苏苏州","country":"中国"}} 
2020-08-12 15:27:21 test:INFO ==> LOG: response -- Events.php:98##onMessage {"app":"http://www.bejson.com","api":"admin/admin/getinfo","ver":88,"data":{"Applications\\admin\\model\\Admin":{"id":1,"role_id":1,"name":"admin","password":"123456","gender":0,"last_login_time":0,"create_time":null,"status":0}},"code":0,"msg":"success"} 
2020-08-12 15:27:33 test:INFO ==> LOG: request -- Request.php:69##init {"api":"admin/admin/index","app":"http://www.bejson.com","ver":88,"data":{"id":1,"city":"江苏苏州","country":"中国"}} 
2020-08-12 15:27:33 test:INFO ==> LOG: response -- Events.php:98##onMessage {"app":"http://www.bejson.com","api":"admin/admin/index","ver":88,"data":1,"code":0,"msg":"success"} 
2020-08-12 15:49:02 test:INFO ==> LOG: request -- Request.php:69##init {"api":"index/user/getinfo","app":"http://www.bejson.com","ver":88,"data":{"id":1,"city":"江苏苏州","country":"中国"}} 
2020-08-12 15:49:02 test:INFO ==> LOG: response -- Events.php:98##onMessage {"app":"http://www.bejson.com","api":"index/user/getinfo","ver":88,"data":{"Applications\\index\\model\\User":{"Id":1,"name":"hahahha"}},"code":0,"msg":"success"} 
2020-08-12 15:50:21 test:INFO ==> LOG: request -- Request.php:69##init {"api":"index/user/getinfo","app":"http://www.bejson.com","ver":88,"data":{"id":1,"city":"江苏苏州","country":"中国"}} 
2020-08-12 15:50:21 test:INFO ==> LOG: response -- Events.php:98##onMessage {"app":"http://www.bejson.com","api":"index/user/getinfo","ver":88,"data":{"Applications\\index\\model\\User":{"Id":1,"name":"hahahha"}},"code":0,"msg":"success"} 
2020-08-12 15:51:03 test:INFO ==> LOG: request -- Request.php:69##init {"api":"admin/admin/getinfo","app":"http://www.bejson.com","ver":88,"data":{"id":1,"city":"江苏苏州","country":"中国"}} 
2020-08-12 15:51:03 test:INFO ==> LOG: response -- Events.php:98##onMessage {"app":"http://www.bejson.com","api":"admin/admin/getinfo","ver":88,"data":{"Applications\\admin\\model\\Admin":{"id":1,"role_id":1,"name":"admin","password":"123456","gender":0,"last_login_time":0,"create_time":null,"status":0}},"code":0,"msg":"success"} 
2020-08-12 16:06:07 test:INFO ==> LOG: request -- Request.php:69##init {"api":"admin/admin/getinfo","app":"http://www.bejson.com","ver":88,"data":{"id":1,"city":"江苏苏州","country":"中国"}} 
2020-08-12 16:06:08 test:INFO ==> LOG: response -- Events.php:98##onMessage  
2020-08-12 16:07:37 test:INFO ==> LOG: request -- Request.php:69##init {"api":"admin/admin/getinfo","app":"http://www.bejson.com","ver":88,"data":{"id":1,"city":"江苏苏州","country":"中国"}} 
2020-08-12 16:07:37 test:INFO ==> LOG: response -- Events.php:98##onMessage {"data":"","code":403,"msg":"没有权限"} 
2020-08-12 16:28:11 test:INFO ==> LOG: request -- Request.php:69##init {"api":"admin/admin/index","app":"http://www.bejson.com","ver":88,"data":{"id":1,"city":"江苏苏州","country":"中国"}} 
2020-08-12 16:28:11 test:INFO ==> LOG: response -- Events.php:98##onMessage {"data":"","code":403,"msg":"没有权限"} 
2020-08-12 16:29:23 test:INFO ==> LOG: request -- Request.php:69##init {"api":"admin/admin/index","app":"http://www.bejson.com","ver":88,"data":{"id":1,"city":"江苏苏州","country":"中国"}} 
2020-08-12 16:29:23 test:INFO ==> LOG: response -- Events.php:98##onMessage {"app":"http://www.bejson.com","api":"admin/admin/index","ver":88,"data":1,"code":0,"msg":"success"} 
2020-08-12 16:49:01 test:INFO ==> LOG: request -- Request.php:69##init {"api":"admin/admin/getinfo","app":"http://www.bejson.com","ver":88,"data":{"id":1,"city":"江苏苏州","country":"中国"}} 
2020-08-12 16:49:01 test:INFO ==> LOG: response -- Events.php:101##onMessage {"app":"http://www.bejson.com","api":"admin/admin/getinfo","ver":88,"data":"","code":401,"msg":"未登录"} 
2020-08-12 16:55:13 test:INFO ==> LOG: request -- Request.php:69##init {"api":"admin/admin/getinfo","app":"http://www.bejson.com","ver":88,"data":{"id":1,"city":"江苏苏州","country":"中国"}} 
2020-08-12 16:55:13 test:INFO ==> LOG: response -- Events.php:101##onMessage {"app":"http://www.bejson.com","api":"admin/admin/getinfo","ver":88,"data":"","code":401,"msg":"未登录"} 
2020-08-12 17:20:16 test:INFO ==> LOG: request -- Request.php:69##init {"api":"admin/admin/getInfo","app":"http://www.bejson.com","ver":88,"data":{"id":1,"city":"江苏苏州","country":"中国"}} 
2020-08-12 17:20:16 test:INFO ==> LOG: response -- Events.php:101##onMessage {"app":"http://www.bejson.com","api":"admin/admin/getInfo","ver":88,"data":"","code":401,"msg":"未登录"} 
2020-08-12 17:22:53 test:INFO ==> LOG: request -- Request.php:69##init {"api":"admin/admin/getInfo","app":"http://www.bejson.com","ver":88,"data":{"id":1,"city":"江苏苏州","country":"中国"}} 
2020-08-12 17:22:53 test:INFO ==> LOG: response -- Events.php:101##onMessage {"app":"http://www.bejson.com","api":"admin/admin/getInfo","ver":88,"data":"","code":401,"msg":"未登录"} 
2020-08-12 18:01:57 test:INFO ==> LOG: request -- Request.php:69##init {"api":"admin/login/login","app":"http://www.bejson.com","ver":88,"data":{"name":"admin","password":"123456"}} 
2020-08-12 18:01:57 test:INFO ==> LOG: response -- Events.php:101##onMessage {"app":"http://www.bejson.com","api":"admin/login/login","ver":88,"data":["token"],"code":0,"msg":"该用户名不存在"} 
2020-08-12 18:03:00 test:INFO ==> LOG: request -- Request.php:69##init {"api":"admin/login/login","app":"http://www.bejson.com","ver":88,"data":{"name":"admin","password":"123456"}} 
2020-08-12 18:03:00 test:INFO ==> LOG: response -- Events.php:101##onMessage {"app":"http://www.bejson.com","api":"admin/login/login","ver":88,"data":["token"],"code":0,"msg":"该用户名不存在"} 
2020-08-12 18:05:24 test:INFO ==> LOG: request -- Request.php:69##init {"api":"admin/login/login","app":"http://www.bejson.com","ver":88,"data":{"name":"admin","password":"123456"}} 
2020-08-12 18:05:24 test:INFO ==> LOG: response -- Events.php:101##onMessage {"app":"http://www.bejson.com","api":"admin/login/login","ver":88,"data":["token"],"code":0,"msg":"该用户名不存在"} 
2020-08-12 18:05:49 test:INFO ==> LOG: request -- Request.php:69##init {"api":"admin/login/login","app":"http://www.bejson.com","ver":88,"data":{"name":"admin","password":"123456"}} 
2020-08-12 18:05:49 test:INFO ==> LOG: response -- Events.php:101##onMessage {"app":"http://www.bejson.com","api":"admin/login/login","ver":88,"data":"","code":401,"msg":"该用户名不存在"} 
2020-08-12 18:06:28 test:INFO ==> LOG: request -- Request.php:69##init {"api":"admin/login/login","app":"http://www.bejson.com","ver":88,"data":{"name":"admin","password":"123456"}} 
2020-08-12 18:06:28 test:INFO ==> LOG: response -- Events.php:101##onMessage {"app":"http://www.bejson.com","api":"admin/login/login","ver":88,"data":"","code":401,"msg":"该用户名不存在"} 
2020-08-12 18:08:38 test:INFO ==> LOG: request -- Request.php:69##init {"api":"admin/login/login","app":"http://www.bejson.com","ver":88,"data":{"name":"admin","password":"123456"}} 
2020-08-12 18:08:38 test:INFO ==> LOG: response -- Events.php:101##onMessage {"app":"http://www.bejson.com","api":"admin/login/login","ver":88,"data":"","code":401,"msg":"该用户名不存在"} 
2020-08-12 18:09:02 test:INFO ==> LOG: request -- Request.php:69##init {"api":"admin/login/login","app":"http://www.bejson.com","ver":88,"data":{"name":"admin","password":"123456"}} 
2020-08-12 18:09:02 test:INFO ==> LOG: response -- Events.php:101##onMessage {"app":"http://www.bejson.com","api":"admin/login/login","ver":88,"data":"","code":401,"msg":"该用户名不存在"} 
2020-08-12 18:09:12 test:INFO ==> LOG: request -- Request.php:69##init {"api":"admin/login/login","app":"http://www.bejson.com","ver":88,"data":{"name":"admin","password":"123456"}} 
2020-08-12 18:09:12 test:INFO ==> LOG: response -- Events.php:101##onMessage {"app":"http://www.bejson.com","api":"admin/login/login","ver":88,"data":"","code":401,"msg":"该用户名不存在"} 
2020-08-12 18:09:48 test:INFO ==> LOG: request -- Request.php:69##init {"api":"admin/login/login","app":"http://www.bejson.com","ver":88,"data":{"name":"admin","password":"123456"}} 
2020-08-12 18:09:48 test:INFO ==> LOG: response -- Events.php:101##onMessage {"app":"http://www.bejson.com","api":"admin/login/login","ver":88,"data":{"token":1},"code":0,"msg":"success"} 
