2020-08-14 09:13:28 test:INFO ==> LOG: request -- Request.php:69##init {"api":"admin/admin/add","app":"http://www.bejson.com","ver":88,"data":{"name":"admin","password":""}} 
2020-08-14 09:13:28 test:INFO ==> LOG: response -- Events.php:102##onMessage {"app":"http://www.bejson.com","api":"admin/admin/add","ver":88,"data":1,"code":0,"msg":"success"} 
2020-08-14 09:32:35 test:INFO ==> LOG: request -- Request.php:69##init {"api":"admin/admin/add","app":"http://www.bejson.com","ver":88,"data":{"name":"admin","password":""}} 
2020-08-14 09:32:35 test:INFO ==> LOG: response -- Events.php:102##onMessage {"app":"http://www.bejson.com","api":"admin/admin/add","ver":88,"data":"","code":403,"msg":"name has exists"} 
2020-08-14 14:20:26 test:INFO ==> LOG: request -- Request.php:69##init {"api":"admin/admin/add","app":"http://www.bejson.com","ver":88,"data":{"name":"admin","password":""}} 
2020-08-14 14:20:26 test:INFO ==> LOG: response -- Events.php:102##onMessage {"app":"http://www.bejson.com","api":"admin/admin/add","ver":88,"data":"","code":300,"msg":"name has exists"} 
2020-08-14 14:20:40 test:INFO ==> LOG: request -- Request.php:69##init {"api":"admin/admin/add","app":"http://www.bejson.com","ver":88,"data":{"name":"admin3435","password":"123456"}} 
2020-08-14 14:20:40 test:INFO ==> LOG: response -- Events.php:102##onMessage {"app":"http://www.bejson.com","api":"admin/admin/add","ver":88,"data":"","code":300,"msg":"角色不能为空"} 
2020-08-14 14:21:15 test:INFO ==> LOG: request -- Request.php:69##init {"api":"admin/admin/add","app":"http://www.bejson.com","ver":88,"data":{"name":"admin23423","password":"123456"}} 
2020-08-14 14:21:15 test:INFO ==> LOG: response -- Events.php:102##onMessage {"app":"http://www.bejson.com","api":"admin/admin/add","ver":88,"data":"","code":300,"msg":"角色不能为空"} 
2020-08-14 14:21:36 test:INFO ==> LOG: request -- Request.php:69##init {"api":"admin/admin/add","app":"http://www.bejson.com","ver":88,"data":{"name":"admin23423","password":"123456"}} 
2020-08-14 14:21:36 test:INFO ==> LOG: response -- Events.php:102##onMessage {"app":"http://www.bejson.com","api":"admin/admin/add","ver":88,"data":"","code":300,"msg":"角色不能为空"} 
2020-08-14 16:02:00 test:INFO ==> LOG: request -- Request.php:69##init {"api":"admin/admin/add","app":"http://www.bejson.com","ver":88,"data":{"name":"admin","password":""}} 
2020-08-14 16:02:00 test:INFO ==> LOG: response -- Events.php:102##onMessage {"app":"http://www.bejson.com","api":"admin/admin/add","ver":88,"data":"","code":300,"msg":"name has exists"} 
2020-08-14 16:02:55 test:INFO ==> LOG: request -- Request.php:69##init {"api":"admin/admin/add","app":"http://www.bejson.com","ver":88,"data":{"name":"admin123421","password":"123456"}} 
2020-08-14 16:02:55 test:INFO ==> LOG: response -- Events.php:102##onMessage {"app":"http://www.bejson.com","api":"admin/admin/add","ver":88,"data":"","code":300,"msg":"角色不能为空"} 
2020-08-14 16:04:00 test:INFO ==> LOG: request -- Request.php:69##init {"api":"admin/admin/add","app":"http://www.bejson.com","ver":88,"data":{"name":"admin11","password":"123456"}} 
2020-08-14 16:04:00 test:INFO ==> LOG: response -- Events.php:102##onMessage {"app":"http://www.bejson.com","api":"admin/admin/add","ver":88,"data":"","code":0,"msg":"成功"} 
2020-08-14 16:04:43 test:INFO ==> LOG: request -- Request.php:69##init {"api":"admin/login/login","app":"http://www.bejson.com","ver":88,"data":{"name":"admin","password":"123456"}} 
2020-08-14 16:04:43 test:INFO ==> LOG: response -- Events.php:102##onMessage {"app":"http://www.bejson.com","api":"admin/login/login","ver":88,"data":"","code":401,"msg":"登录失败，请检查您的信息"} 
2020-08-14 16:07:22 test:INFO ==> LOG: request -- Request.php:69##init {"api":"admin/login/login","app":"http://www.bejson.com","ver":88,"data":{"name":"admin","password":"123456"}} 
2020-08-14 16:07:22 test:INFO ==> LOG: response -- Events.php:102##onMessage {"app":"http://www.bejson.com","api":"admin/login/login","ver":88,"data":"","code":401,"msg":"登录失败，请检查您的信息"} 
2020-08-14 16:07:33 test:INFO ==> LOG: request -- Request.php:69##init {"api":"admin/login/login","app":"http://www.bejson.com","ver":88,"data":{"name":"admin","password":"123456"}} 
2020-08-14 16:07:33 test:INFO ==> LOG: response -- Events.php:102##onMessage {"app":"http://www.bejson.com","api":"admin/login/login","ver":88,"data":"","code":401,"msg":"登录失败，请检查您的信息"} 
2020-08-14 16:07:56 test:INFO ==> LOG: request -- Request.php:69##init {"api":"admin/login/login","app":"http://www.bejson.com","ver":88,"data":{"name":"admin","password":"123456"}} 
2020-08-14 16:07:56 test:INFO ==> LOG: response -- Events.php:102##onMessage {"app":"http://www.bejson.com","api":"admin/login/login","ver":88,"data":{"status":"200","msg":"success","token":"eyJ0eXAiOiJKV1QiLCJhbGciOiJIUzI1NiJ9.eyJpYXQiOjE1OTczOTI0NzYsIm5iZiI6MTU5NzM5MjQ3NiwiZXhwIjoxNTk3NDc4ODc2LCJkYXRhIjp7ImFkbWluSWQiOjF9fQ.-Hu4Vvh7Ns8G-N4NRDcGKcLTaZ74uaRCaL9ecuHBtpI"},"code":0,"msg":"success"} 
2020-08-14 16:32:56 test:INFO ==> LOG: request -- Request.php:69##init {"api":"admin/admin/token","app":"http://www.bejson.com","ver":88,"data":{"token":"eyJ0eXAiOiJKV1QiLCJhbGciOiJIUzI1NiJ9.eyJpYXQiOjE1OTczOTI0NzYsIm5iZiI6MTU5NzM5MjQ3NiwiZXhwIjoxNTk3NDc4ODc2LCJkYXRhIjp7ImFkbWluSWQiOjF9fQ.-Hu4Vvh7Ns8G-N4NRDcGKcLTaZ74uaRCaL9ecuHBtpI","password":"123456"}} 
2020-08-14 16:32:56 test:INFO ==> LOG: response -- Events.php:102##onMessage {"app":"http://www.bejson.com","api":"admin/admin/token","ver":88,"data":"","code":401,"msg":"未登录"} 
2020-08-14 16:33:34 test:INFO ==> LOG: request -- Request.php:69##init {"api":"admin/admin/token","app":"http://www.bejson.com","ver":88,"data":{"token":"eyJ0eXAiOiJKV1QiLCJhbGciOiJIUzI1NiJ9.eyJpYXQiOjE1OTczOTI0NzYsIm5iZiI6MTU5NzM5MjQ3NiwiZXhwIjoxNTk3NDc4ODc2LCJkYXRhIjp7ImFkbWluSWQiOjF9fQ.-Hu4Vvh7Ns8G-N4NRDcGKcLTaZ74uaRCaL9ecuHBtpI","password":"123456"}} 
2020-08-14 16:33:34 test:INFO ==> LOG: response -- Events.php:102##onMessage {"app":"http://www.bejson.com","api":"admin/admin/token","ver":88,"data":"","code":401,"msg":"未登录"} 
2020-08-14 16:33:45 test:INFO ==> LOG: request -- Request.php:69##init {"api":"admin/admin/token","app":"http://www.bejson.com","ver":88,"data":{"token":"eyJ0eXAiOiJKV1QiLCJhbGciOiJIUzI1NiJ9.eyJpYXQiOjE1OTczOTI0NzYsIm5iZiI6MTU5NzM5MjQ3NiwiZXhwIjoxNTk3NDc4ODc2LCJkYXRhIjp7ImFkbWluSWQiOjF9fQ.-Hu4Vvh7Ns8G-N4NRDcGKcLTaZ74uaRCaL9ecuHBtpI","password":"123456"}} 
2020-08-14 16:33:45 test:INFO ==> LOG: response -- Events.php:102##onMessage {"app":"http://www.bejson.com","api":"admin/admin/token","ver":88,"data":"","code":401,"msg":"未登录"} 
2020-08-14 16:34:47 test:INFO ==> LOG: request -- Request.php:69##init {"api":"admin/login/token","app":"http://www.bejson.com","ver":88,"data":{"token":"eyJ0eXAiOiJKV1QiLCJhbGciOiJIUzI1NiJ9.eyJpYXQiOjE1OTczOTI0NzYsIm5iZiI6MTU5NzM5MjQ3NiwiZXhwIjoxNTk3NDc4ODc2LCJkYXRhIjp7ImFkbWluSWQiOjF9fQ.-Hu4Vvh7Ns8G-N4NRDcGKcLTaZ74uaRCaL9ecuHBtpI","password":"123456"}} 
2020-08-14 16:34:47 test:INFO ==> LOG: response -- Events.php:102##onMessage {"app":"http://www.bejson.com","api":"admin/login/token","ver":88,"data":null,"code":null,"msg":null} 
2020-08-14 16:37:59 test:INFO ==> LOG: request -- Request.php:69##init {"api":"admin/login/token","app":"http://www.bejson.com","ver":88,"data":{"token":"eyJ0eXAiOiJKV1QiLCJhbGciOiJIUzI1NiJ9.eyJpYXQiOjE1OTczOTI0NzYsIm5iZiI6MTU5NzM5MjQ3NiwiZXhwIjoxNTk3NDc4ODc2LCJkYXRhIjp7ImFkbWluSWQiOjF9fQ.-Hu4Vvh7Ns8G-N4NRDcGKcLTaZ74uaRCaL9ecuHBtpI","password":"123456"}} 
2020-08-14 16:37:59 test:INFO ==> LOG: response -- Events.php:102##onMessage {"app":"http://www.bejson.com","api":"admin/login/token","ver":88,"data":"","code":0,"msg":"success"} 
2020-08-14 16:38:22 test:INFO ==> LOG: request -- Request.php:69##init {"api":"admin/admin/getInfo","app":"http://www.bejson.com","ver":88,"data":{"id":1,"city":"江苏苏州","country":"中国"}} 
2020-08-14 16:38:22 test:INFO ==> LOG: response -- Events.php:102##onMessage {"app":"http://www.bejson.com","api":"admin/admin/getInfo","ver":88,"data":"","code":403,"msg":"没有权限"} 
2020-08-14 16:38:51 test:INFO ==> LOG: request -- Request.php:69##init {"api":"admin/admin/getInfo","app":"http://www.bejson.com","ver":88,"data":{"id":1,"city":"江苏苏州","country":"中国"}} 
2020-08-14 16:38:51 test:INFO ==> LOG: response -- Events.php:102##onMessage {"app":"http://www.bejson.com","api":"admin/admin/getInfo","ver":88,"data":"","code":403,"msg":"没有权限"} 
2020-08-14 16:39:07 test:INFO ==> LOG: request -- Request.php:69##init {"api":"admin/login/token","app":"http://www.bejson.com","ver":88,"data":{"token":"eyJ0eXAiOiJKV1QiLCJhbGciOiJIUzI1NiJ9.eyJpYXQiOjE1OTczOTI0NzYsIm5iZiI6MTU5NzM5MjQ3NiwiZXhwIjoxNTk3NDc4ODc2LCJkYXRhIjp7ImFkbWluSWQiOjF9fQ.-Hu4Vvh7Ns8G-N4NRDcGKcLTaZ74uaRCaL9ecuHBtpI","password":"123456"}} 
2020-08-14 16:39:07 test:INFO ==> LOG: response -- Events.php:102##onMessage {"app":"http://www.bejson.com","api":"admin/login/token","ver":88,"data":"","code":0,"msg":"success"} 
2020-08-14 16:39:19 test:INFO ==> LOG: request -- Request.php:69##init {"api":"admin/admin/getInfo","app":"http://www.bejson.com","ver":88,"data":{"id":1,"city":"江苏苏州","country":"中国"}} 
2020-08-14 16:39:19 test:INFO ==> LOG: response -- Events.php:102##onMessage {"app":"http://www.bejson.com","api":"admin/admin/getInfo","ver":88,"data":"","code":403,"msg":"没有权限"} 
